<?xml version="1.0" encoding="UTF-8"?>
<testsuite xmlns:xsi="http://www.w3.org/2001/XMLSchema-instance" xsi:noNamespaceSchemaLocation="https://maven.apache.org/surefire/maven-surefire-plugin/xsd/surefire-test-report.xsd" name="com.spring.boot.demo.api.SpringBootDemoApiApplicationTests" time="2.507" tests="1" errors="0" skipped="0" failures="0">
  <properties>
    <property name="gopherProxySet" value="false"/>
    <property name="awt.toolkit" value="sun.lwawt.macosx.LWCToolkit"/>
    <property name="file.encoding.pkg" value="sun.io"/>
    <property name="java.specification.version" value="1.8"/>
    <property name="sun.cpu.isalist" value=""/>
    <property name="sun.jnu.encoding" value="UTF-8"/>
    <property name="java.class.path" value="/Users/hongyang/Documents/cainiao/spring-boot-demo/spring-boot-demo-api/target/test-classes:/Users/hongyang/Documents/cainiao/spring-boot-demo/spring-boot-demo-api/target/classes:/Users/hongyang/m2/maven_repos/org/springframework/boot/spring-boot-starter/2.1.8.RELEASE/spring-boot-starter-2.1.8.RELEASE.jar:/Users/hongyang/m2/maven_repos/org/springframework/boot/spring-boot/2.1.8.RELEASE/spring-boot-2.1.8.RELEASE.jar:/Users/hongyang/m2/maven_repos/org/springframework/spring-context/5.1.9.RELEASE/spring-context-5.1.9.RELEASE.jar:/Users/hongyang/m2/maven_repos/org/springframework/boot/spring-boot-autoconfigure/2.1.8.RELEASE/spring-boot-autoconfigure-2.1.8.RELEASE.jar:/Users/hongyang/m2/maven_repos/org/springframework/boot/spring-boot-starter-logging/2.1.8.RELEASE/spring-boot-starter-logging-2.1.8.RELEASE.jar:/Users/hongyang/m2/maven_repos/ch/qos/logback/logback-classic/1.2.3/logback-classic-1.2.3.jar:/Users/hongyang/m2/maven_repos/ch/qos/logback/logback-core/1.2.3/logback-core-1.2.3.jar:/Users/hongyang/m2/maven_repos/org/apache/logging/log4j/log4j-to-slf4j/2.11.2/log4j-to-slf4j-2.11.2.jar:/Users/hongyang/m2/maven_repos/org/apache/logging/log4j/log4j-api/2.11.2/log4j-api-2.11.2.jar:/Users/hongyang/m2/maven_repos/org/slf4j/jul-to-slf4j/1.7.28/jul-to-slf4j-1.7.28.jar:/Users/hongyang/m2/maven_repos/javax/annotation/javax.annotation-api/1.3.2/javax.annotation-api-1.3.2.jar:/Users/hongyang/m2/maven_repos/org/springframework/spring-core/5.1.9.RELEASE/spring-core-5.1.9.RELEASE.jar:/Users/hongyang/m2/maven_repos/org/springframework/spring-jcl/5.1.9.RELEASE/spring-jcl-5.1.9.RELEASE.jar:/Users/hongyang/m2/maven_repos/org/yaml/snakeyaml/1.23/snakeyaml-1.23.jar:/Users/hongyang/m2/maven_repos/org/springframework/boot/spring-boot-starter-web/2.1.8.RELEASE/spring-boot-starter-web-2.1.8.RELEASE.jar:/Users/hongyang/m2/maven_repos/org/springframework/boot/spring-boot-starter-json/2.1.8.RELEASE/spring-boot-starter-json-2.1.8.RELEASE.jar:/Users/hongyang/m2/maven_repos/com/fasterxml/jackson/core/jackson-databind/2.9.9.3/jackson-databind-2.9.9.3.jar:/Users/hongyang/m2/maven_repos/com/fasterxml/jackson/core/jackson-annotations/2.9.0/jackson-annotations-2.9.0.jar:/Users/hongyang/m2/maven_repos/com/fasterxml/jackson/core/jackson-core/2.9.9/jackson-core-2.9.9.jar:/Users/hongyang/m2/maven_repos/com/fasterxml/jackson/datatype/jackson-datatype-jdk8/2.9.9/jackson-datatype-jdk8-2.9.9.jar:/Users/hongyang/m2/maven_repos/com/fasterxml/jackson/datatype/jackson-datatype-jsr310/2.9.9/jackson-datatype-jsr310-2.9.9.jar:/Users/hongyang/m2/maven_repos/com/fasterxml/jackson/module/jackson-module-parameter-names/2.9.9/jackson-module-parameter-names-2.9.9.jar:/Users/hongyang/m2/maven_repos/org/springframework/boot/spring-boot-starter-tomcat/2.1.8.RELEASE/spring-boot-starter-tomcat-2.1.8.RELEASE.jar:/Users/hongyang/m2/maven_repos/org/apache/tomcat/embed/tomcat-embed-core/9.0.24/tomcat-embed-core-9.0.24.jar:/Users/hongyang/m2/maven_repos/org/apache/tomcat/embed/tomcat-embed-el/9.0.24/tomcat-embed-el-9.0.24.jar:/Users/hongyang/m2/maven_repos/org/apache/tomcat/embed/tomcat-embed-websocket/9.0.24/tomcat-embed-websocket-9.0.24.jar:/Users/hongyang/m2/maven_repos/org/hibernate/validator/hibernate-validator/6.0.17.Final/hibernate-validator-6.0.17.Final.jar:/Users/hongyang/m2/maven_repos/javax/validation/validation-api/2.0.1.Final/validation-api-2.0.1.Final.jar:/Users/hongyang/m2/maven_repos/org/jboss/logging/jboss-logging/3.3.3.Final/jboss-logging-3.3.3.Final.jar:/Users/hongyang/m2/maven_repos/com/fasterxml/classmate/1.4.0/classmate-1.4.0.jar:/Users/hongyang/m2/maven_repos/org/springframework/spring-web/5.1.9.RELEASE/spring-web-5.1.9.RELEASE.jar:/Users/hongyang/m2/maven_repos/org/springframework/spring-beans/5.1.9.RELEASE/spring-beans-5.1.9.RELEASE.jar:/Users/hongyang/m2/maven_repos/org/springframework/spring-webmvc/5.1.9.RELEASE/spring-webmvc-5.1.9.RELEASE.jar:/Users/hongyang/m2/maven_repos/org/springframework/spring-aop/5.1.9.RELEASE/spring-aop-5.1.9.RELEASE.jar:/Users/hongyang/m2/maven_repos/org/springframework/spring-expression/5.1.9.RELEASE/spring-expression-5.1.9.RELEASE.jar:/Users/hongyang/m2/maven_repos/org/springframework/boot/spring-boot-starter-test/2.1.8.RELEASE/spring-boot-starter-test-2.1.8.RELEASE.jar:/Users/hongyang/m2/maven_repos/org/springframework/boot/spring-boot-test/2.1.8.RELEASE/spring-boot-test-2.1.8.RELEASE.jar:/Users/hongyang/m2/maven_repos/org/springframework/boot/spring-boot-test-autoconfigure/2.1.8.RELEASE/spring-boot-test-autoconfigure-2.1.8.RELEASE.jar:/Users/hongyang/m2/maven_repos/com/jayway/jsonpath/json-path/2.4.0/json-path-2.4.0.jar:/Users/hongyang/m2/maven_repos/net/minidev/json-smart/2.3/json-smart-2.3.jar:/Users/hongyang/m2/maven_repos/net/minidev/accessors-smart/1.2/accessors-smart-1.2.jar:/Users/hongyang/m2/maven_repos/org/ow2/asm/asm/5.0.4/asm-5.0.4.jar:/Users/hongyang/m2/maven_repos/org/slf4j/slf4j-api/1.7.28/slf4j-api-1.7.28.jar:/Users/hongyang/m2/maven_repos/junit/junit/4.12/junit-4.12.jar:/Users/hongyang/m2/maven_repos/org/assertj/assertj-core/3.11.1/assertj-core-3.11.1.jar:/Users/hongyang/m2/maven_repos/org/mockito/mockito-core/2.23.4/mockito-core-2.23.4.jar:/Users/hongyang/m2/maven_repos/net/bytebuddy/byte-buddy/1.9.16/byte-buddy-1.9.16.jar:/Users/hongyang/m2/maven_repos/net/bytebuddy/byte-buddy-agent/1.9.16/byte-buddy-agent-1.9.16.jar:/Users/hongyang/m2/maven_repos/org/objenesis/objenesis/2.6/objenesis-2.6.jar:/Users/hongyang/m2/maven_repos/org/hamcrest/hamcrest-core/1.3/hamcrest-core-1.3.jar:/Users/hongyang/m2/maven_repos/org/hamcrest/hamcrest-library/1.3/hamcrest-library-1.3.jar:/Users/hongyang/m2/maven_repos/org/skyscreamer/jsonassert/1.5.0/jsonassert-1.5.0.jar:/Users/hongyang/m2/maven_repos/com/vaadin/external/google/android-json/0.0.20131108.vaadin1/android-json-0.0.20131108.vaadin1.jar:/Users/hongyang/m2/maven_repos/org/springframework/spring-test/5.1.9.RELEASE/spring-test-5.1.9.RELEASE.jar:/Users/hongyang/m2/maven_repos/org/xmlunit/xmlunit-core/2.6.3/xmlunit-core-2.6.3.jar:"/>
    <property name="java.vm.vendor" value="Oracle Corporation"/>
    <property name="sun.arch.data.model" value="64"/>
    <property name="java.vendor.url" value="http://java.oracle.com/"/>
    <property name="user.timezone" value=""/>
    <property name="java.vm.specification.version" value="1.8"/>
    <property name="os.name" value="Mac OS X"/>
    <property name="user.country" value="CN"/>
    <property name="sun.java.launcher" value="SUN_STANDARD"/>
    <property name="sun.boot.library.path" value="/Library/Java/JavaVirtualMachines/jdk1.8.0_151.jdk/Contents/Home/jre/lib"/>
    <property name="sun.java.command" value="/Users/hongyang/Documents/cainiao/spring-boot-demo/spring-boot-demo-api/target/surefire/surefirebooter6224063742761058326.jar /Users/hongyang/Documents/cainiao/spring-boot-demo/spring-boot-demo-api/target/surefire 2019-09-27T11-35-10_451-jvmRun1 surefire2091913199546899673tmp surefire_06177551710367670790tmp"/>
    <property name="surefire.test.class.path" value="/Users/hongyang/Documents/cainiao/spring-boot-demo/spring-boot-demo-api/target/test-classes:/Users/hongyang/Documents/cainiao/spring-boot-demo/spring-boot-demo-api/target/classes:/Users/hongyang/m2/maven_repos/org/springframework/boot/spring-boot-starter/2.1.8.RELEASE/spring-boot-starter-2.1.8.RELEASE.jar:/Users/hongyang/m2/maven_repos/org/springframework/boot/spring-boot/2.1.8.RELEASE/spring-boot-2.1.8.RELEASE.jar:/Users/hongyang/m2/maven_repos/org/springframework/spring-context/5.1.9.RELEASE/spring-context-5.1.9.RELEASE.jar:/Users/hongyang/m2/maven_repos/org/springframework/boot/spring-boot-autoconfigure/2.1.8.RELEASE/spring-boot-autoconfigure-2.1.8.RELEASE.jar:/Users/hongyang/m2/maven_repos/org/springframework/boot/spring-boot-starter-logging/2.1.8.RELEASE/spring-boot-starter-logging-2.1.8.RELEASE.jar:/Users/hongyang/m2/maven_repos/ch/qos/logback/logback-classic/1.2.3/logback-classic-1.2.3.jar:/Users/hongyang/m2/maven_repos/ch/qos/logback/logback-core/1.2.3/logback-core-1.2.3.jar:/Users/hongyang/m2/maven_repos/org/apache/logging/log4j/log4j-to-slf4j/2.11.2/log4j-to-slf4j-2.11.2.jar:/Users/hongyang/m2/maven_repos/org/apache/logging/log4j/log4j-api/2.11.2/log4j-api-2.11.2.jar:/Users/hongyang/m2/maven_repos/org/slf4j/jul-to-slf4j/1.7.28/jul-to-slf4j-1.7.28.jar:/Users/hongyang/m2/maven_repos/javax/annotation/javax.annotation-api/1.3.2/javax.annotation-api-1.3.2.jar:/Users/hongyang/m2/maven_repos/org/springframework/spring-core/5.1.9.RELEASE/spring-core-5.1.9.RELEASE.jar:/Users/hongyang/m2/maven_repos/org/springframework/spring-jcl/5.1.9.RELEASE/spring-jcl-5.1.9.RELEASE.jar:/Users/hongyang/m2/maven_repos/org/yaml/snakeyaml/1.23/snakeyaml-1.23.jar:/Users/hongyang/m2/maven_repos/org/springframework/boot/spring-boot-starter-web/2.1.8.RELEASE/spring-boot-starter-web-2.1.8.RELEASE.jar:/Users/hongyang/m2/maven_repos/org/springframework/boot/spring-boot-starter-json/2.1.8.RELEASE/spring-boot-starter-json-2.1.8.RELEASE.jar:/Users/hongyang/m2/maven_repos/com/fasterxml/jackson/core/jackson-databind/2.9.9.3/jackson-databind-2.9.9.3.jar:/Users/hongyang/m2/maven_repos/com/fasterxml/jackson/core/jackson-annotations/2.9.0/jackson-annotations-2.9.0.jar:/Users/hongyang/m2/maven_repos/com/fasterxml/jackson/core/jackson-core/2.9.9/jackson-core-2.9.9.jar:/Users/hongyang/m2/maven_repos/com/fasterxml/jackson/datatype/jackson-datatype-jdk8/2.9.9/jackson-datatype-jdk8-2.9.9.jar:/Users/hongyang/m2/maven_repos/com/fasterxml/jackson/datatype/jackson-datatype-jsr310/2.9.9/jackson-datatype-jsr310-2.9.9.jar:/Users/hongyang/m2/maven_repos/com/fasterxml/jackson/module/jackson-module-parameter-names/2.9.9/jackson-module-parameter-names-2.9.9.jar:/Users/hongyang/m2/maven_repos/org/springframework/boot/spring-boot-starter-tomcat/2.1.8.RELEASE/spring-boot-starter-tomcat-2.1.8.RELEASE.jar:/Users/hongyang/m2/maven_repos/org/apache/tomcat/embed/tomcat-embed-core/9.0.24/tomcat-embed-core-9.0.24.jar:/Users/hongyang/m2/maven_repos/org/apache/tomcat/embed/tomcat-embed-el/9.0.24/tomcat-embed-el-9.0.24.jar:/Users/hongyang/m2/maven_repos/org/apache/tomcat/embed/tomcat-embed-websocket/9.0.24/tomcat-embed-websocket-9.0.24.jar:/Users/hongyang/m2/maven_repos/org/hibernate/validator/hibernate-validator/6.0.17.Final/hibernate-validator-6.0.17.Final.jar:/Users/hongyang/m2/maven_repos/javax/validation/validation-api/2.0.1.Final/validation-api-2.0.1.Final.jar:/Users/hongyang/m2/maven_repos/org/jboss/logging/jboss-logging/3.3.3.Final/jboss-logging-3.3.3.Final.jar:/Users/hongyang/m2/maven_repos/com/fasterxml/classmate/1.4.0/classmate-1.4.0.jar:/Users/hongyang/m2/maven_repos/org/springframework/spring-web/5.1.9.RELEASE/spring-web-5.1.9.RELEASE.jar:/Users/hongyang/m2/maven_repos/org/springframework/spring-beans/5.1.9.RELEASE/spring-beans-5.1.9.RELEASE.jar:/Users/hongyang/m2/maven_repos/org/springframework/spring-webmvc/5.1.9.RELEASE/spring-webmvc-5.1.9.RELEASE.jar:/Users/hongyang/m2/maven_repos/org/springframework/spring-aop/5.1.9.RELEASE/spring-aop-5.1.9.RELEASE.jar:/Users/hongyang/m2/maven_repos/org/springframework/spring-expression/5.1.9.RELEASE/spring-expression-5.1.9.RELEASE.jar:/Users/hongyang/m2/maven_repos/org/springframework/boot/spring-boot-starter-test/2.1.8.RELEASE/spring-boot-starter-test-2.1.8.RELEASE.jar:/Users/hongyang/m2/maven_repos/org/springframework/boot/spring-boot-test/2.1.8.RELEASE/spring-boot-test-2.1.8.RELEASE.jar:/Users/hongyang/m2/maven_repos/org/springframework/boot/spring-boot-test-autoconfigure/2.1.8.RELEASE/spring-boot-test-autoconfigure-2.1.8.RELEASE.jar:/Users/hongyang/m2/maven_repos/com/jayway/jsonpath/json-path/2.4.0/json-path-2.4.0.jar:/Users/hongyang/m2/maven_repos/net/minidev/json-smart/2.3/json-smart-2.3.jar:/Users/hongyang/m2/maven_repos/net/minidev/accessors-smart/1.2/accessors-smart-1.2.jar:/Users/hongyang/m2/maven_repos/org/ow2/asm/asm/5.0.4/asm-5.0.4.jar:/Users/hongyang/m2/maven_repos/org/slf4j/slf4j-api/1.7.28/slf4j-api-1.7.28.jar:/Users/hongyang/m2/maven_repos/junit/junit/4.12/junit-4.12.jar:/Users/hongyang/m2/maven_repos/org/assertj/assertj-core/3.11.1/assertj-core-3.11.1.jar:/Users/hongyang/m2/maven_repos/org/mockito/mockito-core/2.23.4/mockito-core-2.23.4.jar:/Users/hongyang/m2/maven_repos/net/bytebuddy/byte-buddy/1.9.16/byte-buddy-1.9.16.jar:/Users/hongyang/m2/maven_repos/net/bytebuddy/byte-buddy-agent/1.9.16/byte-buddy-agent-1.9.16.jar:/Users/hongyang/m2/maven_repos/org/objenesis/objenesis/2.6/objenesis-2.6.jar:/Users/hongyang/m2/maven_repos/org/hamcrest/hamcrest-core/1.3/hamcrest-core-1.3.jar:/Users/hongyang/m2/maven_repos/org/hamcrest/hamcrest-library/1.3/hamcrest-library-1.3.jar:/Users/hongyang/m2/maven_repos/org/skyscreamer/jsonassert/1.5.0/jsonassert-1.5.0.jar:/Users/hongyang/m2/maven_repos/com/vaadin/external/google/android-json/0.0.20131108.vaadin1/android-json-0.0.20131108.vaadin1.jar:/Users/hongyang/m2/maven_repos/org/springframework/spring-test/5.1.9.RELEASE/spring-test-5.1.9.RELEASE.jar:/Users/hongyang/m2/maven_repos/org/xmlunit/xmlunit-core/2.6.3/xmlunit-core-2.6.3.jar:"/>
    <property name="sun.cpu.endian" value="little"/>
    <property name="user.home" value="/Users/hongyang"/>
    <property name="user.language" value="zh"/>
    <property name="java.specification.vendor" value="Oracle Corporation"/>
    <property name="java.home" value="/Library/Java/JavaVirtualMachines/jdk1.8.0_151.jdk/Contents/Home/jre"/>
    <property name="basedir" value="/Users/hongyang/Documents/cainiao/spring-boot-demo/spring-boot-demo-api"/>
    <property name="file.separator" value="/"/>
    <property name="line.separator" value="&#10;"/>
    <property name="java.vm.specification.vendor" value="Oracle Corporation"/>
    <property name="java.specification.name" value="Java Platform API Specification"/>
    <property name="java.awt.graphicsenv" value="sun.awt.CGraphicsEnvironment"/>
    <property name="surefire.real.class.path" value="/Users/hongyang/Documents/cainiao/spring-boot-demo/spring-boot-demo-api/target/surefire/surefirebooter6224063742761058326.jar"/>
    <property name="sun.boot.class.path" value="/Library/Java/JavaVirtualMachines/jdk1.8.0_151.jdk/Contents/Home/jre/lib/resources.jar:/Library/Java/JavaVirtualMachines/jdk1.8.0_151.jdk/Contents/Home/jre/lib/rt.jar:/Library/Java/JavaVirtualMachines/jdk1.8.0_151.jdk/Contents/Home/jre/lib/sunrsasign.jar:/Library/Java/JavaVirtualMachines/jdk1.8.0_151.jdk/Contents/Home/jre/lib/jsse.jar:/Library/Java/JavaVirtualMachines/jdk1.8.0_151.jdk/Contents/Home/jre/lib/jce.jar:/Library/Java/JavaVirtualMachines/jdk1.8.0_151.jdk/Contents/Home/jre/lib/charsets.jar:/Library/Java/JavaVirtualMachines/jdk1.8.0_151.jdk/Contents/Home/jre/lib/jfr.jar:/Library/Java/JavaVirtualMachines/jdk1.8.0_151.jdk/Contents/Home/jre/classes"/>
    <property name="sun.management.compiler" value="HotSpot 64-Bit Tiered Compilers"/>
    <property name="java.runtime.version" value="1.8.0_151-b12"/>
    <property name="user.name" value="hongyang"/>
    <property name="path.separator" value=":"/>
    <property name="os.version" value="10.14.6"/>
    <property name="java.endorsed.dirs" value="/Library/Java/JavaVirtualMachines/jdk1.8.0_151.jdk/Contents/Home/jre/lib/endorsed"/>
    <property name="java.runtime.name" value="Java(TM) SE Runtime Environment"/>
    <property name="file.encoding" value="UTF-8"/>
    <property name="java.vm.name" value="Java HotSpot(TM) 64-Bit Server VM"/>
    <property name="localRepository" value="/Users/hongyang/m2/maven_repos"/>
    <property name="java.vendor.url.bug" value="http://bugreport.sun.com/bugreport/"/>
    <property name="java.io.tmpdir" value="/var/folders/1s/8mrg7n1s6kbbk3f_30ngn_xr0000gn/T/"/>
    <property name="java.version" value="1.8.0_151"/>
    <property name="user.dir" value="/Users/hongyang/Documents/cainiao/spring-boot-demo/spring-boot-demo-api"/>
    <property name="os.arch" value="x86_64"/>
    <property name="java.vm.specification.name" value="Java Virtual Machine Specification"/>
    <property name="java.awt.printerjob" value="sun.lwawt.macosx.CPrinterJob"/>
    <property name="sun.os.patch.level" value="unknown"/>
    <property name="java.library.path" value="/Users/hongyang/Library/Java/Extensions:/Library/Java/Extensions:/Network/Library/Java/Extensions:/System/Library/Java/Extensions:/usr/lib/java:."/>
    <property name="java.vm.info" value="mixed mode"/>
    <property name="java.vendor" value="Oracle Corporation"/>
    <property name="java.vm.version" value="25.151-b12"/>
    <property name="java.ext.dirs" value="/Users/hongyang/Library/Java/Extensions:/Library/Java/JavaVirtualMachines/jdk1.8.0_151.jdk/Contents/Home/jre/lib/ext:/Library/Java/Extensions:/Network/Library/Java/Extensions:/System/Library/Java/Extensions:/usr/lib/java"/>
    <property name="sun.io.unicode.encoding" value="UnicodeBig"/>
    <property name="java.class.version" value="52.0"/>
  </properties>
  <testcase name="contextLoads" classname="com.spring.boot.demo.api.SpringBootDemoApiApplicationTests" time="0.183"/>
</testsuite>